2022-02-18 22:24:11,911 [Worker-4: Loading available Gradle versions] INFO  o.e.b.c.i.u.g.PublishedGradleVersions - Gradle version information cache is up-to-date. Trying to read.
2022-02-18 22:24:35,498 [Worker-1: Update Maven projects configuration] INFO  o.e.m.c.i.p.ProjectConfigurationManager - Update started
2022-02-18 22:24:37,289 [Worker-1: Update Maven projects configuration] INFO  o.e.m.c.i.l.LifecycleMappingFactory - Using org.eclipse.m2e.jdt.JarLifecycleMapping lifecycle mapping for MavenProject: br.com.alura.debug:DebugStore:0.0.1-SNAPSHOT @ D:\CursoAlura\java_debug-5423395db61c35235dd1ace2b360c88e9f8be7e5\AULA-1\target\classes\META-INF\maven\br.com.alura.debug\DebugStore\pom.xml.
2022-02-18 22:24:37,602 [Worker-1: Update Maven projects configuration] INFO  o.e.m.j.i.AbstractJavaProjectConfigurator - Adding source folder /DebugStore/src/main/java
2022-02-18 22:24:37,603 [Worker-1: Update Maven projects configuration] INFO  o.e.m.j.i.AbstractJavaProjectConfigurator - Adding source folder /DebugStore/src/test/java
2022-02-18 22:24:37,766 [Worker-1: Update Maven projects configuration] INFO  o.e.m.c.i.p.ProjectConfigurationManager - Update completed: 2 sec
2022-02-18 22:24:37,768 [Worker-1: Update Maven projects configuration] INFO  o.e.m.c.i.p.ProjectConfigurationManager - Update started
2022-02-18 22:24:37,975 [Worker-1: Update Maven projects configuration] INFO  o.e.m.c.i.l.LifecycleMappingFactory - Using org.eclipse.m2e.jdt.JarLifecycleMapping lifecycle mapping for MavenProject: br.com.alura:loja:1.0.0 @ D:\CursoAlura\2067-maven-gerenciamento-dependencias-build-aplicacoes-java-projeto_inicial\target\classes\META-INF\maven\br.com.alura\loja\pom.xml.
2022-02-18 22:24:37,996 [Worker-1: Update Maven projects configuration] INFO  o.e.m.c.i.l.LifecycleMappingFactory - Using org.eclipse.m2e.jdt.JarLifecycleMapping lifecycle mapping for MavenProject: br.com.alura.debug:DebugStore:0.0.1-SNAPSHOT @ D:\CursoAlura\java_debug-5423395db61c35235dd1ace2b360c88e9f8be7e5\AULA-1\target\classes\META-INF\maven\br.com.alura.debug\DebugStore\pom.xml.
2022-02-18 22:24:38,206 [Worker-1: Update Maven projects configuration] INFO  o.e.m.j.i.AbstractJavaProjectConfigurator - Adding source folder /DebugStore/src/main/java
2022-02-18 22:24:38,207 [Worker-1: Update Maven projects configuration] INFO  o.e.m.j.i.AbstractJavaProjectConfigurator - Adding source folder /DebugStore/src/test/java
2022-02-18 22:24:38,244 [Worker-1: Update Maven projects configuration] INFO  o.e.m.j.i.AbstractJavaProjectConfigurator - Adding source folder /loja/src/main/java
2022-02-18 22:24:38,245 [Worker-1: Update Maven projects configuration] INFO  o.e.m.j.i.AbstractJavaProjectConfigurator - Adding source folder /loja/src/test/java
2022-02-18 22:24:38,420 [Worker-1: Update Maven projects configuration] INFO  o.e.m.c.i.p.ProjectConfigurationManager - Update completed: 0 sec
2022-02-18 22:24:39,234 [Worker-10: Building] INFO  o.e.m.c.i.l.LifecycleMappingFactory - Using org.eclipse.m2e.jdt.JarLifecycleMapping lifecycle mapping for MavenProject: br.com.alura:tdd:0.0.1-SNAPSHOT @ D:\CursoAlura\2108-java-testes-unitarios-tdd-projeto_inicial\pom.xml.
2022-02-18 22:24:39,296 [Worker-10: Building] WARN  o.e.m.c.i.embedder.EclipseLogger - Using platform encoding (Cp1252 actually) to copy filtered resources, i.e. build is platform dependent!
2022-02-18 22:24:39,300 [Worker-10: Building] INFO  o.e.m.c.i.embedder.EclipseLogger - Copying 1 resource
2022-02-18 22:24:39,306 [Worker-10: Building] WARN  o.e.m.c.i.embedder.EclipseLogger - Using platform encoding (Cp1252 actually) to copy filtered resources, i.e. build is platform dependent!
2022-02-18 22:24:39,307 [Worker-10: Building] INFO  o.e.m.c.i.embedder.EclipseLogger - Copying 1 resource
2022-02-18 22:24:39,470 [Worker-10: Building] INFO  o.e.m.c.i.embedder.EclipseLogger - Using 'UTF-8' encoding to copy filtered resources.
2022-02-18 22:24:39,470 [Worker-10: Building] INFO  o.e.m.c.i.embedder.EclipseLogger - skip non existing resourceDirectory D:\CursoAlura\java_debug-5423395db61c35235dd1ace2b360c88e9f8be7e5\AULA-1\target\classes\META-INF\maven\br.com.alura.debug\DebugStore\src\main\resources
2022-02-18 22:24:39,471 [Worker-10: Building] INFO  o.e.m.c.i.embedder.EclipseLogger - Using 'UTF-8' encoding to copy filtered resources.
2022-02-18 22:24:39,471 [Worker-10: Building] INFO  o.e.m.c.i.embedder.EclipseLogger - skip non existing resourceDirectory D:\CursoAlura\java_debug-5423395db61c35235dd1ace2b360c88e9f8be7e5\AULA-1\target\classes\META-INF\maven\br.com.alura.debug\DebugStore\src\test\resources
2022-02-18 22:24:39,900 [Worker-10: Building] INFO  o.e.m.c.i.l.LifecycleMappingFactory - Using org.eclipse.m2e.jdt.JarLifecycleMapping lifecycle mapping for MavenProject: br.com.aeviles.brasileirice:brasileirice:0.0.1-SNAPSHOT @ D:\CursoAlura\brasileirice\pom.xml.
2022-02-18 22:24:39,986 [Worker-10: Building] WARN  o.e.m.c.i.embedder.EclipseLogger - Using platform encoding (Cp1252 actually) to copy filtered resources, i.e. build is platform dependent!
2022-02-18 22:24:39,987 [Worker-10: Building] INFO  o.e.m.c.i.embedder.EclipseLogger - Copying 0 resource
2022-02-18 22:24:39,988 [Worker-10: Building] WARN  o.e.m.c.i.embedder.EclipseLogger - Using platform encoding (Cp1252 actually) to copy filtered resources, i.e. build is platform dependent!
2022-02-18 22:24:39,988 [Worker-10: Building] INFO  o.e.m.c.i.embedder.EclipseLogger - Copying 0 resource
2022-02-18 22:24:40,663 [Worker-10: Building] WARN  o.e.m.c.i.embedder.EclipseLogger - Using platform encoding (Cp1252 actually) to copy filtered resources, i.e. build is platform dependent!
2022-02-18 22:24:40,663 [Worker-10: Building] INFO  o.e.m.c.i.embedder.EclipseLogger - skip non existing resourceDirectory D:\CursoAlura\2067-maven-gerenciamento-dependencias-build-aplicacoes-java-projeto_inicial\target\classes\META-INF\maven\br.com.alura\loja\src\main\resources
2022-02-18 22:24:40,664 [Worker-10: Building] WARN  o.e.m.c.i.embedder.EclipseLogger - Using platform encoding (Cp1252 actually) to copy filtered resources, i.e. build is platform dependent!
2022-02-18 22:24:40,665 [Worker-10: Building] INFO  o.e.m.c.i.embedder.EclipseLogger - skip non existing resourceDirectory D:\CursoAlura\2067-maven-gerenciamento-dependencias-build-aplicacoes-java-projeto_inicial\target\classes\META-INF\maven\br.com.alura\loja\src\test\resources
2022-02-18 22:24:41,812 [Worker-28: Building] WARN  o.e.m.c.i.embedder.EclipseLogger - Using platform encoding (Cp1252 actually) to copy filtered resources, i.e. build is platform dependent!
2022-02-18 22:24:41,815 [Worker-28: Building] INFO  o.e.m.c.i.embedder.EclipseLogger - Copying 1 resource
2022-02-18 22:24:41,816 [Worker-28: Building] WARN  o.e.m.c.i.embedder.EclipseLogger - Using platform encoding (Cp1252 actually) to copy filtered resources, i.e. build is platform dependent!
2022-02-18 22:24:41,817 [Worker-28: Building] INFO  o.e.m.c.i.embedder.EclipseLogger - Copying 1 resource
2022-02-18 22:24:41,893 [Worker-28: Building] WARN  o.e.m.c.i.embedder.EclipseLogger - Using platform encoding (Cp1252 actually) to copy filtered resources, i.e. build is platform dependent!
2022-02-18 22:24:41,894 [Worker-28: Building] INFO  o.e.m.c.i.embedder.EclipseLogger - Copying 0 resource
2022-02-18 22:24:41,895 [Worker-28: Building] WARN  o.e.m.c.i.embedder.EclipseLogger - Using platform encoding (Cp1252 actually) to copy filtered resources, i.e. build is platform dependent!
2022-02-18 22:24:41,895 [Worker-28: Building] INFO  o.e.m.c.i.embedder.EclipseLogger - Copying 0 resource
2022-02-20 17:47:39,813 [Worker-5: Loading available Gradle versions] INFO  o.e.b.c.i.u.g.PublishedGradleVersions - Gradle version information cache is out-of-date. Trying to update.
2022-02-20 17:47:42,225 [Worker-1: Building] INFO  o.e.m.c.i.embedder.EclipseLogger - Using 'UTF-8' encoding to copy filtered resources.
2022-02-20 17:47:42,225 [Worker-1: Building] INFO  o.e.m.c.i.embedder.EclipseLogger - skip non existing resourceDirectory D:\CursoAlura\java_debug-5423395db61c35235dd1ace2b360c88e9f8be7e5\AULA-1\target\classes\META-INF\maven\br.com.alura.debug\DebugStore\src\main\resources
2022-02-20 17:47:42,228 [Worker-1: Building] INFO  o.e.m.c.i.embedder.EclipseLogger - Using 'UTF-8' encoding to copy filtered resources.
2022-02-20 17:47:42,228 [Worker-1: Building] INFO  o.e.m.c.i.embedder.EclipseLogger - skip non existing resourceDirectory D:\CursoAlura\java_debug-5423395db61c35235dd1ace2b360c88e9f8be7e5\AULA-1\target\classes\META-INF\maven\br.com.alura.debug\DebugStore\src\test\resources
2022-02-20 17:47:42,528 [Worker-1: Building] WARN  o.e.m.c.i.embedder.EclipseLogger - Using platform encoding (Cp1252 actually) to copy filtered resources, i.e. build is platform dependent!
2022-02-20 17:47:42,530 [Worker-1: Building] INFO  o.e.m.c.i.embedder.EclipseLogger - skip non existing resourceDirectory D:\CursoAlura\2067-maven-gerenciamento-dependencias-build-aplicacoes-java-projeto_inicial\target\classes\META-INF\maven\br.com.alura\loja\src\main\resources
2022-02-20 17:47:42,532 [Worker-1: Building] WARN  o.e.m.c.i.embedder.EclipseLogger - Using platform encoding (Cp1252 actually) to copy filtered resources, i.e. build is platform dependent!
2022-02-20 17:47:42,533 [Worker-1: Building] INFO  o.e.m.c.i.embedder.EclipseLogger - skip non existing resourceDirectory D:\CursoAlura\2067-maven-gerenciamento-dependencias-build-aplicacoes-java-projeto_inicial\target\classes\META-INF\maven\br.com.alura\loja\src\test\resources
2022-02-20 17:53:34,878 [Worker-6: Loading available Gradle versions] INFO  o.e.b.c.i.u.g.PublishedGradleVersions - Gradle version information cache is up-to-date. Trying to read.
2022-02-20 17:55:07,126 [Worker-6: Loading available Gradle versions] INFO  o.e.b.c.i.u.g.PublishedGradleVersions - Gradle version information cache is up-to-date. Trying to read.
2022-02-20 17:55:52,914 [Worker-2: Loading available Gradle versions] INFO  o.e.b.c.i.u.g.PublishedGradleVersions - Gradle version information cache is up-to-date. Trying to read.
2022-02-20 17:56:54,559 [Worker-26: Building] WARN  o.e.m.c.i.embedder.EclipseLogger - Using platform encoding (Cp1252 actually) to copy filtered resources, i.e. build is platform dependent!
2022-02-20 17:56:54,560 [Worker-26: Building] INFO  o.e.m.c.i.embedder.EclipseLogger - skip non existing resourceDirectory D:\CursoAlura\2067-maven-gerenciamento-dependencias-build-aplicacoes-java-projeto_inicial\target\classes\META-INF\maven\br.com.alura\loja\src\main\resources
2022-02-20 17:56:54,561 [Worker-26: Building] WARN  o.e.m.c.i.embedder.EclipseLogger - Using platform encoding (Cp1252 actually) to copy filtered resources, i.e. build is platform dependent!
2022-02-20 17:56:54,562 [Worker-26: Building] INFO  o.e.m.c.i.embedder.EclipseLogger - skip non existing resourceDirectory D:\CursoAlura\2067-maven-gerenciamento-dependencias-build-aplicacoes-java-projeto_inicial\target\classes\META-INF\maven\br.com.alura\loja\src\test\resources
